170412 01:39:26 mysqld_safe Starting mysqld daemon with databases from /var/lib/mysql
170412  1:39:26 [Warning] Using unique option prefix key_buffer instead of key_buffer_size is deprecated and will be removed in a future release. Please use the full name instead.
170412  1:39:26 [Note] /usr/sbin/mysqld (mysqld 5.5.49-0+deb8u1) starting as process 634 ...
170412  1:39:26 [Warning] Using unique option prefix myisam-recover instead of myisam-recover-options is deprecated and will be removed in a future release. Please use the full name instead.
170412  1:39:26 [Note] Plugin 'FEDERATED' is disabled.
170412  1:39:26 InnoDB: The InnoDB memory heap is disabled
170412  1:39:26 InnoDB: Mutexes and rw_locks use GCC atomic builtins
170412  1:39:26 InnoDB: Compressed tables use zlib 1.2.8
170412  1:39:26 InnoDB: Using Linux native AIO
170412  1:39:26 InnoDB: Initializing buffer pool, size = 8.0M
170412  1:39:26 InnoDB: Completed initialization of buffer pool
170412  1:39:26 InnoDB: highest supported file format is Barracuda.
170412  1:39:26  InnoDB: Waiting for the background threads to start
170412  1:39:27 InnoDB: 5.5.49 started; log sequence number 1595675
170412  1:39:27 [Note] Server hostname (bind-address): '0.0.0.0'; port: 3306
170412  1:39:27 [Note]   - '0.0.0.0' resolves to '0.0.0.0';
170412  1:39:27 [Note] Server socket created on IP: '0.0.0.0'.
170412  1:39:27 [ERROR] /usr/sbin/mysqld: Table './mysql/user' is marked as crashed and should be repaired
170412  1:39:27 [Warning] Checking table:   './mysql/user'
170412  1:39:27 [ERROR] 1 client is using or hasn't closed the table properly
170412  1:39:27 [Note] Event Scheduler: Loaded 0 events
170412  1:39:27 [Note] /usr/sbin/mysqld: ready for connections.
Version: '5.5.49-0+deb8u1'  socket: '/var/run/mysqld/mysqld.sock'  port: 3306  (Debian)
170505 01:23:43 mysqld_safe Starting mysqld daemon with databases from /var/lib/mysql
170505  1:23:43 [Warning] Using unique option prefix key_buffer instead of key_buffer_size is deprecated and will be removed in a future release. Please use the full name instead.
170505  1:23:43 [Note] /usr/sbin/mysqld (mysqld 5.5.49-0+deb8u1) starting as process 443 ...
170505  1:23:43 [Warning] Using unique option prefix myisam-recover instead of myisam-recover-options is deprecated and will be removed in a future release. Please use the full name instead.
170505  1:23:43 [Note] Plugin 'FEDERATED' is disabled.
170505  1:23:43 InnoDB: The InnoDB memory heap is disabled
170505  1:23:43 InnoDB: Mutexes and rw_locks use GCC atomic builtins
170505  1:23:43 InnoDB: Compressed tables use zlib 1.2.8
170505  1:23:43 InnoDB: Using Linux native AIO
170505  1:23:43 InnoDB: Initializing buffer pool, size = 8.0M
170505  1:23:43 InnoDB: Completed initialization of buffer pool
170505  1:23:43 InnoDB: highest supported file format is Barracuda.
InnoDB: The log sequence number in ibdata files does not match
InnoDB: the log sequence number in the ib_logfiles!
170505  1:23:43  InnoDB: Database was not shut down normally!
InnoDB: Starting crash recovery.
InnoDB: Reading tablespace information from the .ibd files...
InnoDB: Restoring possible half-written data pages from the doublewrite
InnoDB: buffer...
170505  1:23:43  InnoDB: Waiting for the background threads to start
170505  1:23:44 InnoDB: 5.5.49 started; log sequence number 4677160
170505  1:23:44 [Note] Server hostname (bind-address): '0.0.0.0'; port: 3306
170505  1:23:44 [Note]   - '0.0.0.0' resolves to '0.0.0.0';
170505  1:23:44 [Note] Server socket created on IP: '0.0.0.0'.
170505  1:23:44 [Note] Event Scheduler: Loaded 0 events
170505  1:23:44 [Note] /usr/sbin/mysqld: ready for connections.
Version: '5.5.49-0+deb8u1'  socket: '/var/run/mysqld/mysqld.sock'  port: 3306  (Debian)
